TN:
SF:src/modules/appointments/services/CreateAppointmentService.ts
FN:15,(anonymous_18)
FN:16,CreateAppointmentService
FN:21,(anonymous_20)
FNF:3
FNH:3
FNDA:1,(anonymous_18)
FNDA:2,CreateAppointmentService
FNDA:3,(anonymous_20)
DA:1,1
DA:3,1
DA:5,1
DA:15,1
DA:18,2
DA:21,1
DA:22,3
DA:23,3
DA:25,3
DA:27,3
DA:31,3
DA:32,1
DA:35,2
DA:40,2
DA:42,1
DA:44,1
LF:16
LH:16
BRDA:31,0,0,1
BRDA:31,0,1,2
BRF:2
BRH:2
end_of_record
TN:
SF:src/modules/users/services/AuthenticateUserService.ts
FN:20,(anonymous_18)
FN:21,AuthenticateUserService
FN:29,(anonymous_20)
FNF:3
FNH:3
FNDA:1,(anonymous_18)
FNDA:3,AuthenticateUserService
FNDA:3,(anonymous_20)
DA:1,1
DA:2,1
DA:3,1
DA:4,1
DA:20,1
DA:23,3
DA:26,3
DA:29,1
DA:30,3
DA:31,3
DA:33,3
DA:35,3
DA:36,1
DA:39,2
DA:44,2
DA:45,1
DA:48,1
DA:50,1
DA:55,1
DA:60,1
DA:62,1
LF:21
LH:21
BRDA:33,0,0,3
BRDA:35,1,0,1
BRDA:35,1,1,2
BRDA:44,2,0,1
BRDA:44,2,1,1
BRF:5
BRH:5
end_of_record
TN:
SF:src/modules/users/services/CreateUserService.ts
FN:13,(anonymous_18)
FN:14,CreateUserService
FN:22,(anonymous_20)
FNF:3
FNH:3
FNDA:2,(anonymous_18)
FNDA:5,CreateUserService
FNDA:5,(anonymous_20)
DA:1,2
DA:2,2
DA:13,2
DA:16,5
DA:19,5
DA:22,5
DA:23,5
DA:25,5
DA:26,1
DA:29,4
DA:31,4
DA:37,4
DA:39,2
DA:41,2
LF:14
LH:14
BRDA:23,0,0,5
BRDA:25,1,0,1
BRDA:25,1,1,4
BRF:3
BRH:3
end_of_record
TN:
SF:src/modules/users/services/ResetPasswordService.ts
FN:14,(anonymous_18)
FN:15,ResetPasswordService
FN:26,(anonymous_20)
FNF:3
FNH:3
FNDA:1,(anonymous_18)
FNDA:4,ResetPasswordService
FNDA:4,(anonymous_20)
DA:1,1
DA:2,1
DA:3,1
DA:14,1
DA:17,4
DA:20,4
DA:23,4
DA:26,4
DA:27,4
DA:29,4
DA:30,1
DA:32,3
DA:34,3
DA:35,1
DA:38,2
DA:39,2
DA:41,2
DA:42,1
DA:45,1
DA:47,2
DA:49,1
DA:51,1
LF:22
LH:22
BRDA:27,0,0,4
BRDA:29,1,0,1
BRDA:29,1,1,3
BRDA:34,2,0,1
BRDA:34,2,1,2
BRDA:41,3,0,1
BRDA:41,3,1,1
BRF:7
BRH:7
end_of_record
TN:
SF:src/modules/users/services/SendForgotPasswordEmailService.ts
FN:13,(anonymous_18)
FN:14,SendForgotPasswordEmailService
FN:25,(anonymous_20)
FNF:3
FNH:3
FNDA:1,(anonymous_18)
FNDA:3,SendForgotPasswordEmailService
FNDA:3,(anonymous_20)
DA:1,1
DA:3,1
DA:4,1
DA:13,1
DA:16,3
DA:19,3
DA:22,3
DA:25,3
DA:26,3
DA:28,3
DA:29,1
DA:32,2
DA:34,2
DA:41,4
DA:57,1
DA:59,1
LF:16
LH:16
BRDA:26,0,0,3
BRDA:28,1,0,1
BRDA:28,1,1,2
BRF:3
BRH:3
end_of_record
TN:
SF:src/modules/users/services/ShowProfileService.ts
FN:11,(anonymous_18)
FN:12,ShowProfileService
FN:17,(anonymous_20)
FNF:3
FNH:3
FNDA:1,(anonymous_18)
FNDA:2,ShowProfileService
FNDA:2,(anonymous_20)
DA:1,1
DA:2,1
DA:11,1
DA:14,2
DA:17,2
DA:18,2
DA:20,2
DA:21,1
DA:24,1
DA:26,1
DA:28,1
LF:11
LH:11
BRDA:18,0,0,2
BRDA:20,1,0,1
BRDA:20,1,1,1
BRF:3
BRH:3
end_of_record
TN:
SF:src/modules/users/services/UpdateProfileService.ts
FN:16,(anonymous_18)
FN:17,UpdateProfileService
FN:24,(anonymous_20)
FNF:3
FNH:3
FNDA:1,(anonymous_18)
FNDA:6,UpdateProfileService
FNDA:6,(anonymous_20)
DA:1,1
DA:2,1
DA:16,1
DA:19,6
DA:21,6
DA:24,1
DA:25,6
DA:26,6
DA:27,6
DA:28,6
DA:29,6
DA:31,6
DA:33,6
DA:34,1
DA:37,5
DA:39,5
DA:40,1
DA:43,4
DA:44,4
DA:46,4
DA:47,1
DA:52,4
DA:53,2
DA:58,2
DA:59,1
DA:61,1
DA:64,2
DA:66,1
DA:68,1
LF:29
LH:29
BRDA:31,0,0,6
BRDA:31,0,1,2
BRDA:33,1,0,1
BRDA:33,1,1,5
BRDA:39,2,0,1
BRDA:39,2,1,4
BRDA:39,3,0,5
BRDA:39,3,1,3
BRDA:46,4,0,1
BRDA:46,4,1,3
BRDA:46,5,0,4
BRDA:46,5,1,3
BRDA:52,6,0,1
BRDA:52,6,1,2
BRDA:52,7,0,3
BRDA:52,7,1,2
BRDA:58,8,0,1
BRDA:58,8,1,1
BRF:18
BRH:18
end_of_record
TN:
SF:src/modules/users/services/UpdateUserAvatarService.ts
FN:13,(anonymous_18)
FN:14,UpdateUserAvatarService
FN:21,(anonymous_20)
FNF:3
FNH:3
FNDA:1,(anonymous_18)
FNDA:3,UpdateUserAvatarService
FNDA:4,(anonymous_20)
DA:1,1
DA:2,1
DA:13,1
DA:16,3
DA:18,3
DA:21,1
DA:22,4
DA:23,4
DA:25,4
DA:27,4
DA:28,1
DA:31,5
DA:32,2
DA:35,3
DA:37,3
DA:39,6
DA:41,3
DA:43,1
DA:45,1
LF:19
LH:19
BRDA:25,0,0,4
BRDA:27,1,0,1
BRDA:27,1,1,3
BRDA:31,2,0,2
BRDA:31,2,1,1
BRF:5
BRH:5
end_of_record
